
=== Tue May 30 16:27:34 2023

Packages were changed.
Update Mode: mergeDefaultDependencies

The following packages were added:
  com.unity.collab-proxy@2.0.4
  com.unity.visualscripting@1.8.0
The following packages were updated:
  com.unity.ide.rider from version 3.0.16 to 3.0.21
  com.unity.ide.visualstudio from version 2.0.16 to 2.0.18
  com.unity.inputsystem from version 1.4.3 to 1.5.1
  com.unity.render-pipelines.universal from version 12.1.6 to 12.1.11
  com.unity.timeline from version 1.6.4 to 1.6.5

=== Tue May 30 16:36:40 2023

Packages were changed.
Update Mode: updateDependencies

The following packages were updated:
  com.unity.ads from version 3.7.5 to 4.4.2
  com.unity.collab-proxy from version 1.15.18 to 2.0.4
  com.unity.ide.rider from version 3.0.15 to 3.0.21
  com.unity.ide.visualstudio from version 2.0.16 to 2.0.18
  com.unity.purchasing from version 4.1.5 to 4.8.0
  com.unity.render-pipelines.universal from version 12.1.7 to 12.1.11
  com.unity.shadergraph from version 12.1.7 to 12.1.11
  com.unity.test-framework from version 1.1.31 to 1.1.33
  com.unity.timeline from version 1.6.4 to 1.6.5

=== Tue May 30 16:36:41 2023

Packages were changed.
Update Mode: mergeDefaultDependencies

The following packages were added:
  com.unity.2d.sprite@1.0.0
  com.unity.2d.tilemap@1.0.0
  com.unity.addressables@1.19.19
  com.unity.ads@4.4.2
  com.unity.analytics@3.6.12
  com.unity.ext.nunit@1.0.6
  com.unity.mobile.android-logcat@1.3.2
  com.unity.purchasing@4.8.0
  com.unity.shadergraph@12.1.11

=== Thu Jun  8 17:41:44 2023

Packages were changed.
Update Mode: updateDependencies

The following packages were added:
  com.unity.ai.navigation@1.1.3
The following packages were updated:
  com.unity.addressables from version 1.19.19 to 1.21.12
  com.unity.analytics from version 3.6.12 to 3.8.1
  com.unity.inputsystem from version 1.5.1 to 1.6.1
  com.unity.render-pipelines.universal from version 12.1.11 to 14.0.8
  com.unity.shadergraph from version 12.1.11 to 14.0.8
  com.unity.timeline from version 1.6.5 to 1.7.4
